Build started 10/1/2013 5:11:21 PM.
     1>Project "C:\Users\Alex\documents\visual studio 2012\Projects\Labs\String\String.vcxproj" on node 2 (Build target(s)).
     1>ClCompile:
         C:\Program Files (x86)\Microsoft Visual Studio 11.0\VC\bin\CL.exe /c /ZI /nologo /W3 /WX- /Od /Oy- /D WIN32 /D _DEBUG /D _CONSOLE /D _UNICODE /D UNICODE /Gm /EHsc /RTC1 /MDd /GS /fp:precise /Zc:wchar_t /Zc:forScope /Fo"Debug\\" /Fd"Debug\vc110.pdb" /Gd /TP /analyze- /errorReport:prompt String.cpp main.cpp
         main.cpp
     1>c:\users\alex\documents\visual studio 2012\projects\labs\string\main.cpp(23): error C3861: 'GetLength': identifier not found
     1>c:\users\alex\documents\visual studio 2012\projects\labs\string\main.cpp(48): warning C4305: '=' : truncation from 'int' to 'char'
     1>c:\users\alex\documents\visual studio 2012\projects\labs\string\main.cpp(48): warning C4309: '=' : truncation of constant value
         String.cpp
     1>c:\users\alex\documents\visual studio 2012\projects\labs\string\string.cpp(54): error C2660: 'String::GetLength' : function does not take 0 arguments
     1>c:\users\alex\documents\visual studio 2012\projects\labs\string\string.cpp(62): error C2440: '<function-style-cast>' : cannot convert from 'const char *' to 'String'
                 No constructor could take the source type, or constructor overload resolution was ambiguous
     1>c:\users\alex\documents\visual studio 2012\projects\labs\string\string.cpp(90): error C2059: syntax error : '}'
     1>c:\users\alex\documents\visual studio 2012\projects\labs\string\string.cpp(90): error C2143: syntax error : missing ';' before '}'
     1>c:\users\alex\documents\visual studio 2012\projects\labs\string\string.cpp(95): error C2143: syntax error : missing ';' before '{'
     1>c:\users\alex\documents\visual studio 2012\projects\labs\string\string.cpp(95): error C2447: '{' : missing function header (old-style formal list?)
         Generating Code...
     1>Done Building Project "C:\Users\Alex\documents\visual studio 2012\Projects\Labs\String\String.vcxproj" (Build target(s)) -- FAILED.

Build FAILED.

Time Elapsed 00:00:00.97
